<?xml version="1.0" encoding="UTF-8" ?>
<testsuite errors="0" failures="0" hostname="meupca" name="TesteGeral" skipped="0" tests="33" time="0.085" timestamp="2016-04-04T01:10:45">
  <properties>
[...]
</properties>
  <testcase classname="util.CartaTest" name="cartaVermelhaTest" time="0.012" />
  <testcase classname="util.CartaTest" name="cartaParaBaixoTest" time="0.001" />
  <testcase classname="util.CartaTest" name="cartaParaCimaTest" time="0.0" />
  <testcase classname="util.CartaTest" name="cartaMaiorValorKTest" time="0.0" />
  <testcase classname="util.CartaTest" name="cartaParaBaixoStringTest" time="0.0" />
  <testcase classname="util.CartaTest" name="cartaMenorValorASTest" time="0.0" />
  <testcase classname="util.CartaTest" name="cartaParaCimaStringTest" time="0.001" />
  <testcase classname="util.CartaTest" name="cartaPretaTest" time="0.0" />
  <testcase classname="util.BaralhoTest" name="puxarTodasAsCartasTest" time="0.001" />
  <testcase classname="util.BaralhoTest" name="puxarMaisDe52CartasTopoTest" time="0.0" />
  <testcase classname="util.BaralhoTest" name="baralhoVazioTest" time="0.001" />
  <testcase classname="util.BaralhoTest" name="cartaTopoReiTest" time="0.0" />
  <testcase classname="util.BaralhoTest" name="puxarTresCartasTopoTest" time="0.0" />
  <testcase classname="util.BaralhoTest" name="baralhoNaoVazioTest" time="0.0" />
  <testcase classname="model.PilhaTest" name="receberCartaFileiraFalseTest" time="0.001" />
  <testcase classname="model.PilhaTest" name="receberCartaDescarteTest" time="0.001" />
  <testcase classname="model.PilhaTest" name="receberMultiplasCartasFileiraTrueTest" time="0.0" />
  <testcase classname="model.PilhaTest" name="receberCartaFundacaoFalseTest" time="0.001" />
  <testcase classname="model.PilhaTest" name="pilhaVaziaTest" time="0.0" />
  <testcase classname="model.PilhaTest" name="receberMultiplasCartasFundacaoTrueTest" time="0.0" />
  <testcase classname="model.PilhaTest" name="receberMultiplasCartasFundacaoFalseTest" time="0.0" />
  <testcase classname="model.PilhaTest" name="receberCartaFileiraTrueTest" time="0.0" />
  <testcase classname="model.PilhaTest" name="receberMultiplasCartasFileiraFalseTest" time="0.0" />
  <testcase classname="model.PilhaTest" name="receberCartaFundacaoTrueTest" time="0.001" />
  <testcase classname="model.MesaTest" name="virarTodasAsCartasEstoqueTest" time="0.003" />
  <testcase classname="model.MesaTest" name="moverCartaFileiraFundacaoTest" time="0.001" />
  <testcase classname="model.MesaTest" name="virarCartaEstoqueTest" time="0.0" />
  <testcase classname="model.MesaTest" name="moverCartaDescarteFileiraTest" time="0.0" />
  <testcase classname="model.MesaTest" name="moverMultiplasCartasFileiraTest" time="0.001" />
  <testcase classname="model.MesaTest" name="moverCartaDescarteFundacaoTest" time="0.0" />
  <testcase classname="model.MesaTest" name="moverCartaFundacaoFileiraTest" time="0.0" />
  <testcase classname="model.VerificadorTest" name="verificarJogoNaoVencidoTest" time="0.002" />
  <testcase classname="model.VerificadorTest" name="verificarJogoVencidoTest" time="0.0" />
  <system-out><![CDATA[]]></system-out>
  <system-err><![CDATA[]]></system-err>
</testsuite>
